0 info it worked if it ends with ok
1 verbose cli [ '/Users/nitinnimbalkar/.nvm/versions/node/v6.9.5/bin/node',
1 verbose cli   '/Users/nitinnimbalkar/.nvm/versions/node/v6.9.5/bin/npm',
1 verbose cli   'run',
1 verbose cli   'prod' ]
2 info using npm@3.10.10
3 info using node@v6.9.5
4 verbose run-script [ 'preprod', 'prod', 'postprod' ]
5 info lifecycle react-mobile-hybrid@1.0.0~preprod: react-mobile-hybrid@1.0.0
6 silly lifecycle react-mobile-hybrid@1.0.0~preprod: no script for preprod, continuing
7 info lifecycle react-mobile-hybrid@1.0.0~prod: react-mobile-hybrid@1.0.0
8 verbose lifecycle react-mobile-hybrid@1.0.0~prod: unsafe-perm in lifecycle true
9 verbose lifecycle react-mobile-hybrid@1.0.0~prod: PATH: /Users/nitinnimbalkar/.nvm/versions/node/v6.9.5/lib/node_modules/npm/bin/node-gyp-bin:/Users/nitinnimbalkar/Documents/corebrand/reacthybrid/node_modules/.bin:/Users/nitinnimbalkar/.nvm/versions/node/v6.9.5/bin:/usr/local/bin:/usr/bin:/bin:/usr/sbin:/sbin:/Users/nitinnimbalkar/Documents/codebase/adt/sdk/tools:/Users/nitinnimbalkar/Documents/codebase/adt/sdk/platform-tools.
10 verbose lifecycle react-mobile-hybrid@1.0.0~prod: CWD: /Users/nitinnimbalkar/Documents/corebrand/reacthybrid
11 silly lifecycle react-mobile-hybrid@1.0.0~prod: Args: [ '-c', 'webpack -p' ]
12 silly lifecycle react-mobile-hybrid@1.0.0~prod: Returned: code: 2  signal: null
13 info lifecycle react-mobile-hybrid@1.0.0~prod: Failed to exec prod script
14 verbose stack Error: react-mobile-hybrid@1.0.0 prod: `webpack -p`
14 verbose stack Exit status 2
14 verbose stack     at EventEmitter.<anonymous> (/Users/nitinnimbalkar/.nvm/versions/node/v6.9.5/lib/node_modules/npm/lib/utils/lifecycle.js:255:16)
14 verbose stack     at emitTwo (events.js:106:13)
14 verbose stack     at EventEmitter.emit (events.js:191:7)
14 verbose stack     at ChildProcess.<anonymous> (/Users/nitinnimbalkar/.nvm/versions/node/v6.9.5/lib/node_modules/npm/lib/utils/spawn.js:40:14)
14 verbose stack     at emitTwo (events.js:106:13)
14 verbose stack     at ChildProcess.emit (events.js:191:7)
14 verbose stack     at maybeClose (internal/child_process.js:877:16)
14 verbose stack     at Process.ChildProcess._handle.onexit (internal/child_process.js:226:5)
15 verbose pkgid react-mobile-hybrid@1.0.0
16 verbose cwd /Users/nitinnimbalkar/Documents/corebrand/reacthybrid
17 error Darwin 15.0.0
18 error argv "/Users/nitinnimbalkar/.nvm/versions/node/v6.9.5/bin/node" "/Users/nitinnimbalkar/.nvm/versions/node/v6.9.5/bin/npm" "run" "prod"
19 error node v6.9.5
20 error npm  v3.10.10
21 error code ELIFECYCLE
22 error react-mobile-hybrid@1.0.0 prod: `webpack -p`
22 error Exit status 2
23 error Failed at the react-mobile-hybrid@1.0.0 prod script 'webpack -p'.
23 error Make sure you have the latest version of node.js and npm installed.
23 error If you do, this is most likely a problem with the react-mobile-hybrid package,
23 error not with npm itself.
23 error Tell the author that this fails on your system:
23 error     webpack -p
23 error You can get information on how to open an issue for this project with:
23 error     npm bugs react-mobile-hybrid
23 error Or if that isn't available, you can get their info via:
23 error     npm owner ls react-mobile-hybrid
23 error There is likely additional logging output above.
24 verbose exit [ 1, true ]
